<?xml version="1.0" encoding="UTF-8"?>
<!-- Generated by org.testng.reporters.JUnitReportReporter -->
<testsuite hostname="LAPTOP-BTQ0B65L" failures="0" tests="2" name="test_ng.Emailablereport" time="0.011" errors="0" timestamp="2022-11-08T14:55:46 IST" skipped="0">
  <testcase classname="test_ng.Emailablereport" name="tc2" time="0.001"/>
  <system-out>
    <![CDATA[hello]]>
  </system-out>
  <testcase classname="test_ng.Emailablereport" name="tc1" time="0.010"/>
  <system-out>
    <![CDATA[hi]]>
  </system-out>
</testsuite> <!-- test_ng.Emailablereport -->
