<?xml version="1.0" encoding="UTF-8"?>
<!-- Generated by org.testng.reporters.JUnitReportReporter -->
<testsuite hostname="LAPTOP-BTQ0B65L" failures="0" tests="1" name="test_ng.Annotation" time="0.008" errors="0" timestamp="2022-11-08T15:20:51 IST" skipped="0">
  <testcase classname="test_ng.Annotation" name="openapp" time="0.008"/>
  <system-out>
    <![CDATA[open app]]>
  </system-out>
</testsuite> <!-- test_ng.Annotation -->
