<?xml version="1.0" encoding="UTF-8"?>
<!-- Generated by org.testng.reporters.JUnitReportReporter -->
<testsuite hostname="LAPTOP-BTQ0B65L" failures="0" tests="1" name="Testng_1.prog_1" time="0.010" errors="0" timestamp="2022-11-07T19:38:00 IST" skipped="0">
  <testcase classname="Testng_1.prog_1" name="tc1" time="0.010"/>
  <system-out>
    <![CDATA[hi]]>
  </system-out>
</testsuite> <!-- Testng_1.prog_1 -->
