<?xml version="1.0" encoding="UTF-8"?>
<!-- Generated by org.testng.reporters.JUnitReportReporter -->
<testsuite hostname="LAPTOP-BTQ0B65L" failures="0" tests="3" name="test_ng.A3" time="0.001" errors="0" timestamp="2022-11-10T16:00:00 IST" skipped="0">
  <testcase classname="test_ng.A3" name="tc8" time="0.001"/>
  <system-out>
    <![CDATA[test case 8 pass]]>
  </system-out>
  <testcase classname="test_ng.A3" name="tc9" time="0.000"/>
  <system-out>
    <![CDATA[test case 39pass]]>
  </system-out>
  <testcase classname="test_ng.A3" name="tc7" time="0.000"/>
  <system-out>
    <![CDATA[test case 7pass]]>
  </system-out>
</testsuite> <!-- test_ng.A3 -->
