<?xml version="1.0" encoding="UTF-8"?>
<!-- Generated by org.testng.reporters.JUnitReportReporter -->
<testsuite hostname="LAPTOP-BTQ0B65L" failures="0" tests="3" name="test_ng.A2" time="0.009" errors="0" timestamp="2022-11-10T16:00:00 IST" skipped="0">
  <testcase classname="test_ng.A2" name="tc6" time="0.000"/>
  <system-out>
    <![CDATA[test case 6 pass]]>
  </system-out>
  <testcase classname="test_ng.A2" name="tc4" time="0.009"/>
  <system-out>
    <![CDATA[test case 4pass]]>
  </system-out>
  <testcase classname="test_ng.A2" name="tc5" time="0.000"/>
  <system-out>
    <![CDATA[test case 5 pass]]>
  </system-out>
</testsuite> <!-- test_ng.A2 -->
