<?xml version="1.0" encoding="UTF-8"?>
<!-- Generated by org.testng.reporters.JUnitReportReporter -->
<testsuite hostname="LAPTOP-BTQ0B65L" failures="0" tests="3" name="test_ng.A1" time="0.003" errors="0" timestamp="2022-11-10T16:00:00 IST" skipped="0">
  <testcase classname="test_ng.A1" name="tc2" time="0.001"/>
  <system-out>
    <![CDATA[test case 2 pass]]>
  </system-out>
  <testcase classname="test_ng.A1" name="tc3" time="0.001"/>
  <system-out>
    <![CDATA[test case 3 pass]]>
  </system-out>
  <testcase classname="test_ng.A1" name="tc1" time="0.001"/>
  <system-out>
    <![CDATA[test case 1pass]]>
  </system-out>
</testsuite> <!-- test_ng.A1 -->
