<?xml version="1.0" encoding="UTF-8"?>
<!-- Generated by org.testng.reporters.JUnitReportReporter -->
<testsuite hostname="LAPTOP-BTQ0B65L" failures="0" tests="1" name="test_ng.test_ng1" time="0.008" errors="0" timestamp="2022-11-08T14:42:55 IST" skipped="0">
  <testcase classname="test_ng.test_ng1" name="m1" time="0.008"/>
  <system-out>
    <![CDATA[hi]]>
  </system-out>
</testsuite> <!-- test_ng.test_ng1 -->
